# do {IR_tb_compile.do}
# QuestaSim-64 vmap 10.6c Lib Mapping Utility 2017.07 Jul 26 2017
# vmap xil_defaultlib questa_lib/msim/xil_defaultlib 
# Modifying modelsim.ini
# ** Warning: (vlog-159) Mode option -64 is not supported in this context and will be ignored.
# QuestaSim-64 vlog 10.6c Compiler 2017.07 Jul 26 2017
# Start time: 09:46:19 on Jun 27,2022
# vlog -64 -incr -work xil_defaultlib ../../../../IR_simulations.ip_user_files/ip/ir_fifo/sim/ir_fifo.v 
# -- Compiling module ir_fifo
# 
# Top level modules:
# 	ir_fifo
# End time: 09:46:19 on Jun 27,2022, Elapsed time: 0:00:00
# Errors: 0, Warnings: 1
# ** Warning: (vcom-159) Mode option -64 is not supported in this context and will be ignored.
# QuestaSim-64 vcom 10.6c Compiler 2017.07 Jul 26 2017
# Start time: 09:46:20 on Jun 27,2022
# vcom -64 -93 -work xil_defaultlib ../../../../../common_logic/RTL/Trigger_class_record/buffer_fifo.vhd ../../../../../common_logic/RTL/Interaction_record_zerosuppr/top_ir_statemachine.vhd ../../../../../common_logic/RTL/Interaction_record_zerosuppr/ir_statemachine.vhd ../../../../../common_logic/RTL/Interaction_record_zerosuppr/packer_ir2.vhd ../../../../../common_logic/RTL/Trigger_class_record/prsg_tcr.vhd ../../../../../common_logic/Simulations/Interaction_record/ir_tb.vhd 
# -- Loading package STANDARD
# -- Loading package TEXTIO
# -- Loading package std_logic_1164
# -- Loading package NUMERIC_STD
# -- Loading package ATTRIBUTES
# -- Loading package std_logic_misc
# -- Compiling entity buffer_fifo
# -- Compiling architecture Behavioral of buffer_fifo
# -- Loading package std_logic_arith
# -- Loading package STD_LOGIC_UNSIGNED
# -- Compiling entity top_ir_statemachine
# -- Compiling architecture Behavioral of top_ir_statemachine
# -- Compiling entity ir_statemachine
# -- Compiling architecture rtl of ir_statemachine
# ** Warning: ../../../../../common_logic/RTL/Interaction_record_zerosuppr/ir_statemachine.vhd(83): (vcom-1013) Initial value of "c_FEE_ID" depends on value of signal "sn".
# -- Compiling entity packer_ir2
# -- Compiling architecture Behavioral of packer_ir2
# -- Compiling entity prsg_tcr
# -- Compiling architecture Behavioral of prsg_tcr
# -- Loading package std_logic_textio
# -- Compiling entity IR_tb
# -- Compiling architecture Behavioral of IR_tb
# End time: 09:46:20 on Jun 27,2022, Elapsed time: 0:00:00
# Errors: 0, Warnings: 2
# QuestaSim-64 vlog 10.6c Compiler 2017.07 Jul 26 2017
# Start time: 09:46:20 on Jun 27,2022
# vlog -work xil_defaultlib glbl.v 
# -- Compiling module glbl
# 
# Top level modules:
# 	glbl
# End time: 09:46:20 on Jun 27,2022, Elapsed time: 0:00:00
# Errors: 0, Warnings: 0
